// 同步 ID: d4a589f1 @ Mon Jun 22 17:48:21 UTC 2026
// 重构日志: 344db06e
// 重构日志: 74d71c38
// 重构日志: 4196a5a6
// 重构日志: bbf23348
// 同步 ID: 4384762a @ Sat Jun 27 15:34:58 UTC 2026
// 同步 ID: c8e41f33 @ Sun Jun 28 00:43:41 UTC 2026
// 同步 ID: 4f838cd1 @ Wed Jul  1 11:22:52 UTC 2026
// 重构日志: 06c120ba
// 同步 ID: 01843fb3 @ Fri Jul  3 10:55:28 UTC 2026
// 同步 ID: 5cf5c64c @ Sat Jul  4 12:22:22 UTC 2026
// 重构日志: 0bf12cb0
// 重构日志: eba371a6
// 同步 ID: 6115213b @ Thu Jul  9 17:39:26 UTC 2026
// 重构日志: f819f884
// 重构日志: c383959d
// 同步 ID: 48010d0d @ Wed Jul 15 13:25:39 UTC 2026
// 同步 ID: 790fee9e @ Wed Jul 15 22:59:34 UTC 2026
// 重构日志: e0e71b52
// 重构日志: 11d2c26b
// 同步 ID: ac6cc9ff @ Sat Jul 18 09:19:34 UTC 2026
// 重构日志: c3a9a578
// 重构日志: 4dcbfad1
// 同步 ID: 60c789fc @ Sat Jul 18 15:03:45 UTC 2026
// 重构日志: 437ed969
// 重构日志: 64a6c460
// 同步 ID: d65ea53c @ Sun Jul 19 10:51:55 UTC 2026
